# JRE version: OpenJDK Runtime Environment (8.0_302-b08) (build 1.8.0_302-8u302-b08-1~deb9u1-b08)
# Java VM: OpenJDK 64-Bit Server VM (25.302-b08 mixed mode linux-amd64 compressed oops)
Heap:
 PSYoungGen      total 305664K, used 33245K [0x00000000eab00000, 0x0000000100000000, 0x0000000100000000)
  eden space 262144K, 12% used [0x00000000eab00000,0x00000000ecb77490,0x00000000fab00000)
  from space 43520K, 0% used [0x00000000fab00000,0x00000000fab00000,0x00000000fd580000)
  to   space 43520K, 0% used [0x00000000fd580000,0x00000000fd580000,0x0000000100000000)
 ParOldGen       total 405504K, used 22583K [0x00000000c0000000, 0x00000000d8c00000, 0x00000000eab00000)
  object space 405504K, 5% used [0x00000000c0000000,0x00000000c160dd78,0x00000000d8c00000)
 Metaspace       used 37999K, capacity 38306K, committed 38656K, reserved 1083392K
  class space    used 4216K, capacity 4313K, committed 4352K, reserved 1048576K
GC Heap History (10 events):
Event: 5.201 GC heap before
{Heap before GC invocations=1 (full 0):
 PSYoungGen      total 305664K, used 262144K [0x00000000eab00000, 0x0000000100000000, 0x0000000100000000)
  eden space 262144K, 100% used [0x00000000eab00000,0x00000000fab00000,0x00000000fab00000)
  from space 43520K, 0% used [0x00000000fd580000,0x00000000fd580000,0x0000000100000000)
  to   space 43520K, 0% used [0x00000000fab00000,0x00000000fab00000,0x00000000fd580000)
 ParOldGen       total 699392K, used 0K [0x00000000c0000000, 0x00000000eab00000, 0x00000000eab00000)
  object space 699392K, 0% used [0x00000000c0000000,0x00000000c0000000,0x00000000eab00000)
 Metaspace       used 16608K, capacity 16832K, committed 17024K, reserved 1064960K
  class space    used 1580K, capacity 1660K, committed 1664K, reserved 1048576K
Event: 5.212 GC heap after
Heap after GC invocations=1 (full 0):
 PSYoungGen      total 305664K, used 16947K [0x00000000eab00000, 0x0000000100000000, 0x0000000100000000)
  eden space 262144K, 0% used [0x00000000eab00000,0x00000000eab00000,0x00000000fab00000)
  from space 43520K, 38% used [0x00000000fab00000,0x00000000fbb8cc38,0x00000000fd580000)
  to   space 43520K, 0% used [0x00000000fd580000,0x00000000fd580000,0x0000000100000000)
 ParOldGen       total 699392K, used 39K [0x00000000c0000000, 0x00000000eab00000, 0x00000000eab00000)
  object space 699392K, 0% used [0x00000000c0000000,0x00000000c0009c40,0x00000000eab00000)
 Metaspace       used 16608K, capacity 16832K, committed 17024K, reserved 1064960K
  class space    used 1580K, capacity 1660K, committed 1664K, reserved 1048576K
}
Event: 5.357 GC heap before
{Heap before GC invocations=2 (full 0):
 PSYoungGen      total 305664K, used 66133K [0x00000000eab00000, 0x0000000100000000, 0x0000000100000000)
  eden space 262144K, 18% used [0x00000000eab00000,0x00000000edb08a28,0x00000000fab00000)
  from space 43520K, 38% used [0x00000000fab00000,0x00000000fbb8cc38,0x00000000fd580000)
  to   space 43520K, 0% used [0x00000000fd580000,0x00000000fd580000,0x0000000100000000)
 ParOldGen       total 699392K, used 39K [0x00000000c0000000, 0x00000000eab00000, 0x00000000eab00000)
  object space 699392K, 0% used [0x00000000c0000000,0x00000000c0009c40,0x00000000eab00000)
 Metaspace       used 20854K, capacity 21136K, committed 21296K, reserved 1069056K
  class space    used 2093K, capacity 2176K, committed 2176K, reserved 1048576K
Event: 5.367 GC heap after
Heap after GC invocations=2 (full 0):
 PSYoungGen      total 305664K, used 12760K [0x00000000eab00000, 0x0000000100000000, 0x0000000100000000)
  eden space 262144K, 0% used [0x00000000eab00000,0x00000000eab00000,0x00000000fab00000)
  from space 43520K, 29% used [0x00000000fd580000,0x00000000fe1f6088,0x0000000100000000)
  to   space 43520K, 0% used [0x00000000fab00000,0x00000000fab00000,0x00000000fd580000)
 ParOldGen       total 699392K, used 55K [0x00000000c0000000, 0x00000000eab00000, 0x00000000eab00000)
  object space 699392K, 0% used [0x00000000c0000000,0x00000000c000dc40,0x00000000eab00000)
 Metaspace       used 20854K, capacity 21136K, committed 21296K, reserved 1069056K
  class space    used 2093K, capacity 2176K, committed 2176K, reserved 1048576K
}
Event: 5.367 GC heap before
{Heap before GC invocations=3 (full 1):
 PSYoungGen      total 305664K, used 12760K [0x00000000eab00000, 0x0000000100000000, 0x0000000100000000)
  eden space 262144K, 0% used [0x00000000eab00000,0x00000000eab00000,0x00000000fab00000)
  from space 43520K, 29% used [0x00000000fd580000,0x00000000fe1f6088,0x0000000100000000)
  to   space 43520K, 0% used [0x00000000fab00000,0x00000000fab00000,0x00000000fd580000)
 ParOldGen       total 699392K, used 55K [0x00000000c0000000, 0x00000000eab00000, 0x00000000eab00000)
  object space 699392K, 0% used [0x00000000c0000000,0x00000000c000dc40,0x00000000eab00000)
 Metaspace       used 20854K, capacity 21136K, committed 21296K, reserved 1069056K
  class space    used 2093K, capacity 2176K, committed 2176K, reserved 1048576K
Event: 5.382 GC heap after
Heap after GC invocations=3 (full 1):
 PSYoungGen      total 305664K, used 0K [0x00000000eab00000, 0x0000000100000000, 0x0000000100000000)
  eden space 262144K, 0% used [0x00000000eab00000,0x00000000eab00000,0x00000000fab00000)
  from space 43520K, 0% used [0x00000000fd580000,0x00000000fd580000,0x0000000100000000)
  to   space 43520K, 0% used [0x00000000fab00000,0x00000000fab00000,0x00000000fd580000)
 ParOldGen       total 292864K, used 12025K [0x00000000c0000000, 0x00000000d1e00000, 0x00000000eab00000)
  object space 292864K, 4% used [0x00000000c0000000,0x00000000c0bbe408,0x00000000d1e00000)
 Metaspace       used 20854K, capacity 21136K, committed 21296K, reserved 1069056K
  class space    used 2093K, capacity 2176K, committed 2176K, reserved 1048576K
}
Event: 6.272 GC heap before
{Heap before GC invocations=4 (full 1):
 PSYoungGen      total 305664K, used 165257K [0x00000000eab00000, 0x0000000100000000, 0x0000000100000000)
  eden space 262144K, 63% used [0x00000000eab00000,0x00000000f4c626a8,0x00000000fab00000)
  from space 43520K, 0% used [0x00000000fd580000,0x00000000fd580000,0x0000000100000000)
  to   space 43520K, 0% used [0x00000000fab00000,0x00000000fab00000,0x00000000fd580000)
 ParOldGen       total 292864K, used 12025K [0x00000000c0000000, 0x00000000d1e00000, 0x00000000eab00000)
  object space 292864K, 4% used [0x00000000c0000000,0x00000000c0bbe408,0x00000000d1e00000)
 Metaspace       used 34899K, capacity 35160K, committed 35456K, reserved 1081344K
  class space    used 3822K, capacity 3928K, committed 3968K, reserved 1048576K
Event: 6.277 GC heap after
Heap after GC invocations=4 (full 1):
 PSYoungGen      total 305664K, used 12242K [0x00000000eab00000, 0x0000000100000000, 0x0000000100000000)
  eden space 262144K, 0% used [0x00000000eab00000,0x00000000eab00000,0x00000000fab00000)
  from space 43520K, 28% used [0x00000000fab00000,0x00000000fb6f4830,0x00000000fd580000)
  to   space 43520K, 0% used [0x00000000fd580000,0x00000000fd580000,0x0000000100000000)
 ParOldGen       total 292864K, used 12041K [0x00000000c0000000, 0x00000000d1e00000, 0x00000000eab00000)
  object space 292864K, 4% used [0x00000000c0000000,0x00000000c0bc2408,0x00000000d1e00000)
 Metaspace       used 34899K, capacity 35160K, committed 35456K, reserved 1081344K
  class space    used 3822K, capacity 3928K, committed 3968K, reserved 1048576K
}
Event: 6.277 GC heap before
{Heap before GC invocations=5 (full 2):
 PSYoungGen      total 305664K, used 12242K [0x00000000eab00000, 0x0000000100000000, 0x0000000100000000)
  eden space 262144K, 0% used [0x00000000eab00000,0x00000000eab00000,0x00000000fab00000)
  from space 43520K, 28% used [0x00000000fab00000,0x00000000fb6f4830,0x00000000fd580000)
  to   space 43520K, 0% used [0x00000000fd580000,0x00000000fd580000,0x0000000100000000)
 ParOldGen       total 292864K, used 12041K [0x00000000c0000000, 0x00000000d1e00000, 0x00000000eab00000)
  object space 292864K, 4% used [0x00000000c0000000,0x00000000c0bc2408,0x00000000d1e00000)
 Metaspace       used 34899K, capacity 35160K, committed 35456K, reserved 1081344K
  class space    used 3822K, capacity 3928K, committed 3968K, reserved 1048576K
Event: 6.301 GC heap after
Heap after GC invocations=5 (full 2):
 PSYoungGen      total 305664K, used 0K [0x00000000eab00000, 0x0000000100000000, 0x0000000100000000)
  eden space 262144K, 0% used [0x00000000eab00000,0x00000000eab00000,0x00000000fab00000)
  from space 43520K, 0% used [0x00000000fab00000,0x00000000fab00000,0x00000000fd580000)
  to   space 43520K, 0% used [0x00000000fd580000,0x00000000fd580000,0x0000000100000000)
 ParOldGen       total 405504K, used 22583K [0x00000000c0000000, 0x00000000d8c00000, 0x00000000eab00000)
  object space 405504K, 5% used [0x00000000c0000000,0x00000000c160dd78,0x00000000d8c00000)
 Metaspace       used 34892K, capacity 35144K, committed 35456K, reserved 1081344K
  class space    used 3820K, capacity 3924K, committed 3968K, reserved 1048576K
}

